0 silly argv {
0 silly argv   _: [ 'version' ],
0 silly argv   private: false,
0 silly argv   lernaVersion: '6.5.1',
0 silly argv   '$0': 'lerna'
0 silly argv }
1 notice cli v6.5.1
2 verbose rootPath /Users/rohit.sawant/Projects/getting-started-example
3 info current version 0.0.0
4 silly isAnythingCommitted
5 verbose isAnythingCommitted 1
6 silly getCurrentBranch
7 verbose currentBranch main
8 silly remoteBranchExists
9 silly isBehindUpstream
10 silly isBehindUpstream main is behind origin/main by 0 commit(s) and ahead by 0
11 silly hasTags
12 verbose hasTags true
13 silly git-describe.sync "e3669d0" => {"refCount":"5","sha":"e3669d0","isDirty":false}
14 info Assuming all packages changed
15 verbose updated footer
16 verbose updated header
17 verbose updated remixapp
18 verbose git-describe undefined => "e3669d0"
19 silly git-describe parsed => {"refCount":"5","sha":"e3669d0","isDirty":false}
20 info execute Skipping releases
21 silly lifecycle No script for "preversion" in "root", continuing
22 silly lifecycle No script for "preversion" in "footer", continuing
23 silly lifecycle No script for "preversion" in "header", continuing
24 silly lifecycle No script for "version" in "header", continuing
25 silly lifecycle No script for "version" in "footer", continuing
26 verbose version Updating root package-lock.json
27 silly lifecycle No script for "version" in "root", continuing
28 silly gitAdd [
28 silly gitAdd   'packages/header/package.json',
28 silly gitAdd   'packages/header/package-lock.json',
28 silly gitAdd   'packages/footer/package.json',
28 silly gitAdd   'packages/footer/package-lock.json',
28 silly gitAdd   'lerna.json',
28 silly gitAdd   'package-lock.json'
28 silly gitAdd ]
29 silly gitCommit v0.0.1
30 verbose git [ 'commit', '-m', 'v0.0.1' ]
31 silly gitTag v0.0.1 git tag %s -m %s
32 verbose git [ 'tag', 'v0.0.1', '-m', 'v0.0.1' ]
33 silly lifecycle No script for "postversion" in "footer", continuing
34 silly lifecycle No script for "postversion" in "header", continuing
35 silly lifecycle No script for "postversion" in "root", continuing
36 info git Pushing tags...
37 silly gitPush origin main
38 error Error: Command failed with exit code 128: git push --follow-tags --no-verify --atomic origin main
38 error remote: Permission to lerna/getting-started-example.git denied to Rohit531185.
38 error fatal: unable to access 'https://github.com/lerna/getting-started-example.git/': The requested URL returned error: 403
38 error     at makeError (/Users/rohit.sawant/.nvm/versions/node/v16.15.1/lib/node_modules/lerna/node_modules/execa/lib/error.js:59:11)
38 error     at handlePromise (/Users/rohit.sawant/.nvm/versions/node/v16.15.1/lib/node_modules/lerna/node_modules/execa/index.js:114:26)
